2022-04-18 18:01:30,679 DEBUG utils_log_decorator.py Функция arg_parser вызвана из функции main модуля C:\projects\messenger-app\messenger\server.py
2022-04-18 18:01:30,699 INFO server.py Сервер в работе, порт для подключений 7777, адрес, с которого принимаются подключения , если адрес не указан, принимаются соединения с любых адресов.
2022-04-18 18:02:38,828 DEBUG utils_log_decorator.py Функция arg_parser вызвана из функции main модуля C:\projects\messenger-app\messenger\server.py
2022-04-18 18:02:38,859 INFO server.py Сервер в работе, порт для подключений 7777, адрес, с которого принимаются подключения , если адрес не указан, принимаются соединения с любых адресов.
2022-04-18 18:02:53,995 DEBUG utils_log_decorator.py Функция arg_parser вызвана из функции main модуля C:\projects\messenger-app\messenger\server.py
2022-04-18 18:02:54,025 INFO server.py Сервер в работе, порт для подключений 7777, адрес, с которого принимаются подключения , если адрес не указан, принимаются соединения с любых адресов.
2022-04-18 18:03:38,839 INFO server.py Установлено соединение с ('127.0.0.1', 59265)
2022-04-18 18:03:38,839 DEBUG utils_log_decorator.py Функция get_message вызвана из функции run модуля C:\projects\messenger-app\messenger\server.py
2022-04-18 18:03:38,839 DEBUG server.py Разбор сообщения от клиента: {'action': 'presence', 'time': 1650279818.839193, 'user': {'account_name': 'uno'}}
2022-04-18 18:03:38,875 DEBUG utils_log_decorator.py Функция send_message вызвана из функции process_client_message модуля C:\projects\messenger-app\messenger\server.py
2022-04-18 18:03:39,378 DEBUG utils_log_decorator.py Функция get_message вызвана из функции run модуля C:\projects\messenger-app\messenger\server.py
2022-04-18 18:03:39,379 DEBUG server.py Разбор сообщения от клиента: {'action': 'get_users', 'time': 1650279818.9187195, 'account_name': 'uno'}
2022-04-18 18:03:39,418 DEBUG utils_log_decorator.py Функция send_message вызвана из функции process_client_message модуля C:\projects\messenger-app\messenger\server.py
2022-04-18 18:05:17,707 DEBUG utils_log_decorator.py Функция arg_parser вызвана из функции main модуля C:\projects\messenger-app\messenger\server.py
2022-04-18 18:05:17,740 INFO server.py Сервер в работе, порт для подключений 7777, адрес, с которого принимаются подключения , если адрес не указан, принимаются соединения с любых адресов.
2022-04-18 18:05:23,595 DEBUG utils_log_decorator.py Функция arg_parser вызвана из функции main модуля C:\projects\messenger-app\messenger\server.py
2022-04-18 18:05:23,617 INFO server.py Сервер в работе, порт для подключений 7777, адрес, с которого принимаются подключения , если адрес не указан, принимаются соединения с любых адресов.
2022-04-18 18:05:53,257 INFO server.py Установлено соединение с ('127.0.0.1', 59277)
2022-04-18 18:05:53,257 DEBUG utils_log_decorator.py Функция get_message вызвана из функции run модуля C:\projects\messenger-app\messenger\server.py
2022-04-18 18:05:53,257 DEBUG server.py Разбор сообщения от клиента: {'action': 'presence', 'time': 1650279953.257496, 'user': {'account_name': 'client_test1'}}
2022-04-18 18:05:53,287 DEBUG utils_log_decorator.py Функция send_message вызвана из функции process_client_message модуля C:\projects\messenger-app\messenger\server.py
2022-04-18 18:16:27,256 DEBUG utils_log_decorator.py Функция arg_parser с параметрами ('7777', '') , {}, вызвана из модуля __main__
2022-04-18 18:16:27,287 INFO server.py Сервер в работе, порт для подключений 7777, адрес, с которого принимаются подключения , если адрес не указан, принимаются соединения с любых адресов.
2022-04-18 18:16:38,559 INFO server.py Установлено соединение с ('127.0.0.1', 59300)
2022-04-18 18:16:38,559 DEBUG utils_log_decorator.py Функция get_message с параметрами (<socket.socket fd=1496, family=AddressFamily.AF_INET, type=SocketKind.SOCK_STREAM, proto=0, laddr=('127.0.0.1', 7777), raddr=('127.0.0.1', 59300)>,) , {}, вызвана из модуля common.utils
2022-04-18 18:16:38,559 DEBUG server.py Разбор сообщения от клиента: {'action': 'presence', 'time': 1650280598.5592618, 'user': {'account_name': 'user1'}}
2022-04-18 18:16:38,590 DEBUG utils_log_decorator.py Функция send_message с параметрами (<socket.socket fd=1496, family=AddressFamily.AF_INET, type=SocketKind.SOCK_STREAM, proto=0, laddr=('127.0.0.1', 7777), raddr=('127.0.0.1', 59300)>, {'response': 200}) , {}, вызвана из модуля common.utils
2022-04-18 18:17:45,044 DEBUG utils_log_decorator.py Функция arg_parser с параметрами ('7777', '') , {}, вызвана из модуля __main__
2022-04-18 18:17:45,076 INFO server.py Сервер в работе, порт для подключений 7777, адрес, с которого принимаются подключения , если адрес не указан, принимаются соединения с любых адресов.
2022-04-18 18:17:53,927 INFO server.py Установлено соединение с ('127.0.0.1', 59303)
2022-04-18 18:17:53,927 DEBUG server.py Разбор сообщения от клиента: {'action': 'presence', 'time': 1650280673.927466, 'user': {'account_name': '222'}}
2022-04-18 18:17:54,474 DEBUG server.py Разбор сообщения от клиента: {'action': 'get_users', 'time': 1650280674.005537, 'account_name': '222'}
2022-04-18 18:22:33,677 DEBUG utils_log_decorator.py Функция arg_parser с параметрами ('7777', '') , {}, вызвана из модуля __main__
2022-04-18 18:22:33,740 INFO server.py Сервер в работе, порт для подключений 7777, адрес, с которого принимаются подключения , если адрес не указан, принимаются соединения с любых адресов.
2022-04-18 18:22:57,406 INFO server.py Установлено соединение с ('127.0.0.1', 59316)
2022-04-18 18:22:57,406 DEBUG server.py Разбор сообщения от клиента: {'action': 'presence', 'time': 1650280977.406559, 'user': {'account_name': 'user1'}}
2022-04-18 18:22:57,953 DEBUG server.py Разбор сообщения от клиента: {'action': 'get_users', 'time': 1650280977.4690099, 'account_name': 'user1'}
2022-04-18 18:24:04,314 DEBUG utils_log_decorator.py Функция arg_parser с параметрами ('7777', '') , {}, вызвана из модуля __main__
2022-04-18 18:24:04,346 INFO server.py Сервер в работе, порт для подключений 7777, адрес, с которого принимаются подключения , если адрес не указан, принимаются соединения с любых адресов.
2022-04-18 18:24:15,115 DEBUG utils_log_decorator.py Функция arg_parser с параметрами ('7777', '') , {}, вызвана из модуля __main__
2022-04-18 18:24:15,165 INFO server.py Сервер в работе, порт для подключений 7777, адрес, с которого принимаются подключения , если адрес не указан, принимаются соединения с любых адресов.
2022-04-18 18:24:39,411 INFO server.py Установлено соединение с ('127.0.0.1', 59324)
2022-04-18 18:24:39,411 DEBUG server.py Разбор сообщения от клиента: {'action': 'presence', 'time': 1650281079.411299, 'user': {'account_name': 'scan'}}
2022-04-18 18:24:39,973 DEBUG server.py Разбор сообщения от клиента: {'action': 'get_users', 'time': 1650281079.5050206, 'account_name': 'scan'}
2022-04-18 18:25:34,346 DEBUG utils_log_decorator.py Функция arg_parser с параметрами ('7777', '') , {}, вызвана из модуля __main__
2022-04-18 18:25:34,408 INFO server.py Сервер в работе, порт для подключений 7777, адрес, с которого принимаются подключения , если адрес не указан, принимаются соединения с любых адресов.
2022-04-18 18:25:49,732 INFO server.py Установлено соединение с ('127.0.0.1', 59337)
2022-04-18 18:25:50,235 DEBUG server.py Разбор сообщения от клиента: {'action': 'presence', 'time': 1650281149.7484202, 'user': {'account_name': 'www'}}
2022-04-18 18:26:19,509 DEBUG utils_log_decorator.py Функция arg_parser с параметрами ('7777', '') , {}, вызвана из модуля __main__
2022-04-18 18:26:19,556 INFO server.py Сервер в работе, порт для подключений 7777, адрес, с которого принимаются подключения , если адрес не указан, принимаются соединения с любых адресов.
2022-04-18 18:26:39,272 INFO server.py Установлено соединение с ('127.0.0.1', 59349)
2022-04-18 18:26:39,772 DEBUG server.py Разбор сообщения от клиента: {'action': 'presence', 'time': 1650281199.287969, 'user': {'account_name': 'quer'}}
2022-04-18 18:27:39,086 DEBUG utils_log_decorator.py Функция arg_parser с параметрами ('7777', '') , {}, вызвана из модуля __main__
2022-04-18 18:27:39,117 INFO server.py Сервер в работе, порт для подключений 7777, адрес, с которого принимаются подключения , если адрес не указан, принимаются соединения с любых адресов.
2022-04-18 18:27:45,638 INFO server.py Установлено соединение с ('127.0.0.1', 59352)
2022-04-18 18:27:45,638 DEBUG server.py Разбор сообщения от клиента: {'action': 'presence', 'time': 1650281265.6381013, 'user': {'account_name': 'dscfs'}}
2022-04-18 18:27:46,169 DEBUG server.py Разбор сообщения от клиента: {'action': 'get_users', 'time': 1650281265.7006197, 'account_name': 'dscfs'}
2022-04-18 18:27:55,347 DEBUG utils_log_decorator.py Функция arg_parser с параметрами ('7777', '') , {}, вызвана из модуля __main__
2022-04-18 18:27:55,410 INFO server.py Сервер в работе, порт для подключений 7777, адрес, с которого принимаются подключения , если адрес не указан, принимаются соединения с любых адресов.
2022-04-18 18:28:08,104 INFO server.py Установлено соединение с ('127.0.0.1', 59361)
2022-04-18 18:28:08,604 DEBUG server.py Разбор сообщения от клиента: {'action': 'presence', 'time': 1650281288.1198668, 'user': {'account_name': 'nbm,vcxb'}}
2022-04-18 18:31:10,744 DEBUG server.py Разбор сообщения от клиента: {'action': 'get_users', 'time': 1650281424.5228422, 'account_name': 'nbm,vcxb'}
2022-04-18 18:33:17,445 DEBUG utils_log_decorator.py Функция arg_parser с параметрами ('7777', '') , {}, вызвана из модуля __main__
2022-04-18 18:33:17,477 INFO server.py Сервер в работе, порт для подключений 7777, адрес, с которого принимаются подключения , если адрес не указан, принимаются соединения с любых адресов.
2022-04-18 18:33:26,471 INFO server.py Установлено соединение с ('127.0.0.1', 59378)
2022-04-18 18:33:26,471 DEBUG server.py Разбор сообщения от клиента: {'action': 'presence', 'time': 1650281606.4715478, 'user': {'account_name': 'ilya'}}
2022-04-18 18:33:27,018 DEBUG server.py Разбор сообщения от клиента: {'action': 'get_users', 'time': 1650281606.5496192, 'account_name': 'ilya'}
2022-04-18 18:33:27,549 DEBUG server.py Разбор сообщения от клиента: {'action': 'get_contacts', 'time': 1650281607.049552, 'user': 'ilya'}
2022-04-18 18:34:02,780 DEBUG utils_log_decorator.py Функция arg_parser с параметрами ('7777', '') , {}, вызвана из модуля __main__
2022-04-18 18:34:02,811 INFO server.py Сервер в работе, порт для подключений 7777, адрес, с которого принимаются подключения , если адрес не указан, принимаются соединения с любых адресов.
2022-04-18 18:34:14,805 INFO server.py Установлено соединение с ('127.0.0.1', 59382)
2022-04-18 18:34:14,805 DEBUG server.py Разбор сообщения от клиента: {'action': 'presence', 'time': 1650281654.8052096, 'user': {'account_name': 'биба'}}
2022-04-18 18:34:15,351 DEBUG server.py Разбор сообщения от клиента: {'action': 'get_users', 'time': 1650281654.8833082, 'account_name': 'биба'}
2022-04-18 18:34:15,883 DEBUG server.py Разбор сообщения от клиента: {'action': 'get_contacts', 'time': 1650281655.3988292, 'user': 'биба'}
2022-04-18 18:34:23,155 INFO server.py Установлено соединение с ('127.0.0.1', 59383)
2022-04-18 18:34:23,155 DEBUG server.py Разбор сообщения от клиента: {'action': 'presence', 'time': 1650281663.1556005, 'user': {'account_name': 'боба'}}
2022-04-18 18:34:23,671 DEBUG server.py Разбор сообщения от клиента: {'action': 'get_users', 'time': 1650281663.2181501, 'account_name': 'боба'}
2022-04-18 18:34:24,187 DEBUG server.py Разбор сообщения от клиента: {'action': 'get_contacts', 'time': 1650281663.7027395, 'user': 'боба'}
2022-04-18 18:34:45,548 DEBUG server.py Разбор сообщения от клиента: {'action': 'message', 'from': 'боба', 'to': 'биба', 'time': 1650281685.1424515, 'message_text': 'привет биба'}
2022-04-18 18:39:05,438 DEBUG utils_log_decorator.py Функция arg_parser с параметрами ('7777', '') , {}, вызвана из модуля __main__
2022-04-18 18:39:05,469 INFO server.py Сервер в работе, порт для подключений 7777, адрес, с которого принимаются подключения , если адрес не указан, принимаются соединения с любых адресов.
2022-04-18 18:39:13,704 INFO server.py Установлено соединение с ('127.0.0.1', 59403)
2022-04-18 18:39:13,704 DEBUG server.py Разбор сообщения от клиента: {'action': 'presence', 'time': 1650281953.7045991, 'user': {'account_name': 'biba'}}
2022-04-18 18:39:14,236 DEBUG server.py Разбор сообщения от клиента: {'action': 'get_users', 'time': 1650281953.7670605, 'account_name': 'biba'}
2022-04-18 18:39:14,751 DEBUG server.py Разбор сообщения от клиента: {'action': 'get_contacts', 'time': 1650281954.2672718, 'user': 'biba'}
2022-04-18 18:39:21,099 INFO server.py Установлено соединение с ('127.0.0.1', 59405)
2022-04-18 18:39:21,099 DEBUG server.py Разбор сообщения от клиента: {'action': 'presence', 'time': 1650281961.099115, 'user': {'account_name': 'boba'}}
2022-04-18 18:39:21,645 DEBUG server.py Разбор сообщения от клиента: {'action': 'get_users', 'time': 1650281961.16159, 'account_name': 'boba'}
2022-04-18 18:39:22,161 DEBUG server.py Разбор сообщения от клиента: {'action': 'get_contacts', 'time': 1650281961.6927361, 'user': 'boba'}
2022-04-18 18:39:44,626 DEBUG server.py Разбор сообщения от клиента: {'action': 'message', 'from': 'boba', 'to': 'biba', 'time': 1650281983.7197065, 'message_text': 'hi'}
2022-04-18 18:39:44,642 INFO server.py Отправлено сообщение пользователю biba от пользователя boba
2022-04-18 18:41:03,653 DEBUG server.py Разбор сообщения от клиента: {'action': 'message', 'from': 'boba', 'to': 'biba', 'time': 1650282063.559684, 'message_text': 'kill him'}
2022-04-18 18:41:03,669 INFO server.py Отправлено сообщение пользователю biba от пользователя boba
2022-04-18 18:41:39,921 INFO server.py Установлено соединение с ('127.0.0.1', 59413)
2022-04-18 18:41:39,921 DEBUG server.py Разбор сообщения от клиента: {'action': 'presence', 'time': 1650282099.9211848, 'user': {'account_name': 'third'}}
2022-04-18 18:41:40,455 DEBUG server.py Разбор сообщения от клиента: {'action': 'get_users', 'time': 1650282099.9992561, 'account_name': 'third'}
2022-04-18 18:41:40,970 DEBUG server.py Разбор сообщения от клиента: {'action': 'get_contacts', 'time': 1650282100.4864585, 'user': 'third'}
2022-04-18 18:42:01,353 DEBUG server.py Разбор сообщения от клиента: {'action': 'message', 'from': 'third', 'to': 'boba', 'time': 1650282120.7094483, 'message_text': '2222'}
2022-04-18 18:42:01,369 INFO server.py Отправлено сообщение пользователю boba от пользователя third
2022-04-18 18:42:19,691 DEBUG server.py Разбор сообщения от клиента: {'action': 'message', 'from': 'third', 'to': 'biba', 'time': 1650282139.550898, 'message_text': '111111'}
2022-04-18 18:42:19,722 INFO server.py Отправлено сообщение пользователю biba от пользователя third
2022-04-18 18:44:31,429 DEBUG utils_log_decorator.py Функция arg_parser с параметрами ('7777', '') , {}, вызвана из модуля __main__
2022-04-18 18:44:31,476 INFO server.py Сервер в работе, порт для подключений 7777, адрес, с которого принимаются подключения , если адрес не указан, принимаются соединения с любых адресов.
2022-04-18 18:44:48,224 DEBUG utils_log_decorator.py Функция arg_parser с параметрами ('7777', '') , {}, вызвана из модуля __main__
2022-04-18 18:44:48,256 INFO server.py Сервер в работе, порт для подключений 7777, адрес, с которого принимаются подключения , если адрес не указан, принимаются соединения с любых адресов.
